<?xml version="1.0" encoding="UTF-8"?>
<!-- Generated by org.testng.reporters.JUnitReportReporter -->
<testsuite skipped="0" hostname="LAPTOP-A60RKOOI" name="com.customer.filterscreens.CustomerFilterScreen" tests="3" failures="0" timestamp="23 Jun 2018 19:10:41 GMT" time="9.719" errors="0">
  <testcase name="gotoNewCustomerScreen" time="0.541" classname="com.customer.filterscreens.CustomerFilterScreen"/>
  <testcase name="filterTest" time="3.168" classname="com.customer.filterscreens.CustomerFilterScreen"/>
  <testcase name="filterResultTest" time="6.010" classname="com.customer.filterscreens.CustomerFilterScreen"/>
</testsuite> <!-- com.customer.filterscreens.CustomerFilterScreen -->
