<?xml version="1.0" encoding="UTF-8"?>
<!-- Generated by org.testng.reporters.JUnitReportReporter -->
<testsuite skipped="0" hostname="LAPTOP-A60RKOOI" name="part1" tests="1" failures="0" timestamp="25 Jun 2018 02:58:36 GMT" time="1.468" errors="0">
  <testcase name="test1" time="1.468" classname="part1"/>
</testsuite> <!-- part1 -->
