<?xml version="1.0" encoding="UTF-8"?>
<!-- Generated by org.testng.reporters.JUnitReportReporter -->
<testsuite skipped="0" hostname="LAPTOP-A60RKOOI" name="com.customer.newscreens.NewCustomerScreens" tests="4" failures="0" timestamp="23 Jun 2018 19:10:41 GMT" time="1.591" errors="0">
  <testcase name="gotoNewCustomerScreen" time="0.769" classname="com.customer.newscreens.NewCustomerScreens"/>
  <testcase name="newUserReg" time="0.683" classname="com.customer.newscreens.NewCustomerScreens"/>
  <testcase name="verifyReg" time="0.063" classname="com.customer.newscreens.NewCustomerScreens"/>
  <testcase name="verifyCustomer" time="0.076" classname="com.customer.newscreens.NewCustomerScreens"/>
</testsuite> <!-- com.customer.newscreens.NewCustomerScreens -->
